Arguments: 
  /usr/local/bin/node /usr/local/Cellar/yarn/1.10.1/libexec/bin/yarn.js add reactrap

PATH: 
  /usr/local/bin:/usr/bin:/bin:/usr/sbin:/sbin:/usr/local/share/dotnet:~/.dotnet/tools:/Library/Frameworks/Mono.framework/Versions/Current/Commands:/Applications/Xamarin Workbooks.app/Contents/SharedSupport/path-bin

Yarn version: 
  1.10.1

Node version: 
  10.7.0

Platform: 
  darwin x64

Trace: 
  Error: https://registry.yarnpkg.com/reactrap: Not found
      at Request.params.callback [as _callback] (/usr/local/Cellar/yarn/1.10.1/libexec/lib/cli.js:61073:18)
      at Request.self.callback (/usr/local/Cellar/yarn/1.10.1/libexec/lib/cli.js:120166:22)
      at Request.emit (events.js:182:13)
      at Request.<anonymous> (/usr/local/Cellar/yarn/1.10.1/libexec/lib/cli.js:121138:10)
      at Request.emit (events.js:182:13)
      at IncomingMessage.<anonymous> (/usr/local/Cellar/yarn/1.10.1/libexec/lib/cli.js:121060:12)
      at Object.onceWrapper (events.js:273:13)
      at IncomingMessage.emit (events.js:187:15)
      at endReadableNT (_stream_readable.js:1081:12)
      at process._tickCallback (internal/process/next_tick.js:63:19)

npm manifest: 
  {
    "name": "healthgram",
    "version": "1.0.2",
    "description": "A web application for travellers to prepare themselves for portential diseases and allergies in their destination.",
    "main": "backend/server.js",
    "scripts": {
      "test": "echo \"Error: no test specified\" && exit 1",
      "start": "babel-node backend/server.js",
      "prestart2": "webpack --mode development",
      "start:server": "webpack -d && cd backend && nodemon server.js --exec babel-node --presets stage-0",
      "start:client": "cd client && npm start",
      "start:dev": "concurrently \"npm run start:server\" \"npm run start:client\"",
      "heroku-postbuild": "webpack -d"
    },
    "author": "Red Team",
    "license": "MIT",
    "dependencies": {
      "body-parser": "^1.18.3",
      "concurrently": "^4.0.1",
      "json-loader": "^0.5.7",
      "lodash": "^4.17.11",
      "mongo-client": "^0.2.1",
      "mongodb": "^3.1.8",
      "morgan": "^1.9.1",
      "nodemon": "^1.18.5",
      "path": "^0.12.7",
      "react-autosuggest": "^9.4.2",
      "react-motion": "^0.5.2",
      "react-scripts": "2.0.5",
      "react-simple-maps": "^0.12.1",
      "recharts": "^1.3.5",
      "request": "^2.88.0",
      "whatwg-fetch": "^3.0.0"
    },
    "devDependencies": {
      "babel-cli": "^6.26.0",
      "babel-core": "^6.26.0",
      "babel-loader": "^7.1.4",
      "babel-polyfill": "^6.26.0",
      "babel-preset-env": "^1.6.1",
      "babel-preset-react": "^6.24.1",
      "babel-preset-stage-0": "^6.24.1",
      "css-loader": "^1.0.1",
      "express": "^4.16.3",
      "node-sass": "^4.10.0",
      "react": "^16.3.0",
      "react-dom": "^16.3.0",
      "sass-loader": "^7.1.0",
      "style-loader": "^0.21.0",
      "webpack": "^4.25.1",
      "webpack-cli": "^3.0.8"
    },
    "keywords": [
      "health",
      "travel",
      "disease",
      "prevention"
    ]
  }

yarn manifest: 
  No manifest

Lockfile: 
  No lockfile
